<?xml version="1.0" encoding="UTF-8"?>
<testng-results skipped="0" failed="0" ignored="0" total="1" passed="1">
  <reporter-output>
  </reporter-output>
  <suite name="Default suite" duration-ms="15766" started-at="2022-06-24T13:10:45 IST" finished-at="2022-06-24T13:11:01 IST">
    <groups>
    </groups>
    <test name="Default test" duration-ms="15766" started-at="2022-06-24T13:10:45 IST" finished-at="2022-06-24T13:11:01 IST">
      <class name="com.cjc.fk.webapp.test.ActualTest">
        <test-method status="PASS" signature="openBrowser()[pri:0, instance:com.cjc.fk.webapp.test.ActualTest@4abdb505]" name="openBrowser" is-config="true" duration-ms="3026" started-at="2022-06-24T13:10:42 IST" finished-at="2022-06-24T13:10:45 IST">
          <reporter-output>
          </reporter-output>
        </test-method> <!-- openBrowser -->
        <test-method status="PASS" signature="openurl()[pri:0, instance:com.cjc.fk.webapp.test.ActualTest@4abdb505]" name="openurl" is-config="true" duration-ms="9002" started-at="2022-06-24T13:10:45 IST" finished-at="2022-06-24T13:10:54 IST">
          <reporter-output>
          </reporter-output>
        </test-method> <!-- openurl -->
        <test-method status="PASS" signature="test()[pri:0, instance:com.cjc.fk.webapp.test.ActualTest@4abdb505]" name="test" duration-ms="5052" started-at="2022-06-24T13:10:54 IST" finished-at="2022-06-24T13:10:59 IST">
          <reporter-output>
          </reporter-output>
        </test-method> <!-- test -->
        <test-method status="PASS" signature="sceernshot()[pri:0, instance:com.cjc.fk.webapp.test.ActualTest@4abdb505]" name="sceernshot" is-config="true" duration-ms="1644" started-at="2022-06-24T13:10:59 IST" finished-at="2022-06-24T13:11:01 IST">
          <reporter-output>
          </reporter-output>
        </test-method> <!-- sceernshot -->
      </class> <!-- com.cjc.fk.webapp.test.ActualTest -->
    </test> <!-- Default test -->
  </suite> <!-- Default suite -->
</testng-results>
